2026-02-04 17:21:21 [INFO]: GET / - IP: ::1
2026-02-04 17:21:21 [INFO]: GET /static/index.html - IP: ::1
2026-02-04 17:21:21 [INFO]: GET /favicon.ico - IP: ::1
2026-02-04 17:21:30 [INFO]: GET / - IP: ::1
2026-02-04 17:21:30 [INFO]: GET /static/index.html - IP: ::1
2026-02-04 17:32:21 [INFO]: GET / - IP: ::1
2026-02-04 17:32:21 [INFO]: GET /static/index.html - IP: ::1
2026-02-04 17:32:55 [INFO]: GET /nimportequoi - IP: ::1
2026-02-04 17:34:18 [INFO]: GET /static/index.html - IP: ::1
2026-02-04 17:36:43 [INFO]: GET /static/index.html - IP: ::1
2026-02-04 17:36:44 [INFO]: GET /static/index.html - IP: ::1
2026-02-04 17:36:45 [INFO]: GET /static/index.html - IP: ::1
2026-02-04 17:36:45 [INFO]: GET /static/index.html - IP: ::1
2026-02-04 17:46:38 [INFO]: POST /game/position - IP: ::1
2026-02-04 17:47:20 [INFO]: POST /admin/spawn - IP: ::1
2026-02-04 17:47:45 [INFO]: GET /game/resources?login=TOM - IP: ::1
2026-02-04 17:50:45 [INFO]: POST /game/action - IP: ::1
2026-02-04 17:51:02 [INFO]: POST /game/position - IP: ::1
2026-02-04 17:51:06 [INFO]: POST /admin/spawn - IP: ::1
2026-02-04 17:51:14 [INFO]: GET /game/resources?login=TOM - IP: ::1
2026-02-04 17:51:25 [INFO]: POST /game/action - IP: ::1
2026-02-04 17:52:57 [INFO]: POST /admin/spawn - IP: ::1
2026-02-04 17:53:18 [INFO]: POST /game/position - IP: ::1
2026-02-04 17:53:40 [INFO]: POST /game/action - IP: ::1
2026-02-04 19:02:10 [INFO]: GET / - IP: ::1
2026-02-04 19:02:10 [INFO]: GET /static/index.html - IP: ::1
2026-02-04 19:02:10 [INFO]: GET /favicon.ico - IP: ::1
2026-02-04 19:42:36 [INFO]: GET / - IP: ::1
2026-02-04 19:42:36 [INFO]: GET /static/index.html - IP: ::1
